Flat profile:

Each sample counts as 0.01 seconds.
  %   cumulative   self              self     total           
 time   seconds   seconds    calls  ms/call  ms/call  name    
 24.00      1.31     1.31 33748438     0.00     0.00  engine::Position::possibleMoves(char, unsigned long long) const
 14.02      2.08     0.77 126934636     0.00     0.00  void std::vector<engine::Move, std::allocator<engine::Move> >::_M_realloc_insert<engine::Move const&>(__gnu_cxx::__normal_iterator<engine::Move*, std::vector<engine::Move, std::allocator<engine::Move> > >, engine::Move const&)
 11.18      2.69     0.61 323675266     0.00     0.00  engine::Move::Move(unsigned long long, unsigned long long, char, char)
 10.08      3.24     0.55  4305778     0.00     0.00  engine::Position::move(engine::Move)
  9.16      3.74     0.50  2164321     0.00     0.00  engine::Position::blackInCheck()
  8.43      4.20     0.46 97991724     0.00     0.00  void std::vector<unsigned long long, std::allocator<unsigned long long> >::_M_realloc_insert<unsigned long long const&>(__gnu_cxx::__normal_iterator<unsigned long long*, std::vector<unsigned long long, std::allocator<unsigned long long> > >, unsigned long long const&)
  6.23      4.54     0.34 25494042     0.00     0.00  engine::Position::checkingSquares(char, unsigned long long) const
  5.86      4.86     0.32 196358662     0.00     0.00  engine::Position::isMoveBlocked(engine::Move const&) const
  2.93      5.02     0.16  5783787     0.00     0.00  engine::Position::isValidMove(engine::Move const&, char, char)
  2.75      5.17     0.15                             std::random_device::~random_device()
  1.10      5.23     0.06  8317158     0.00     0.00  engine::Position::Position(engine::Position const&)
  1.10      5.29     0.06  2079287     0.00     0.00  engine::Board::move(engine::Move const&)
  0.92      5.34     0.05  4305780     0.00     0.00  engine::Position::updateBoards()
  0.82      5.38     0.05  4158575     0.00     0.00  engine::Position::operator=(engine::Position)
  0.37      5.40     0.02    62169     0.00     0.00  engine::Position::whiteInCheck()
  0.37      5.42     0.02                             engine::Board::perft(int)
  0.37      5.44     0.02                             std::unordered_map<engine::Position, engine::TTInfo, engine::ZHash, std::equal_to<engine::Position>, std::allocator<std::pair<engine::Position const, engine::TTInfo> > >::~unordered_map()
  0.18      5.45     0.01     4913     0.00     0.00  engine::bitToSquare[abi:cxx11](unsigned long long)
  0.09      5.46     0.01        2     2.50     2.50  engine::squareToBit(std::__cxx11::basic_string<char, std::char_traits<char>, std::allocator<char> > const&)
  0.09      5.46     0.01                             std::vector<std::vector<char, std::allocator<char> >, std::allocator<std::vector<char, std::allocator<char> > > >::~vector()
  0.00      5.46     0.00  2226490     0.00     0.00  engine::Position::unmove()
  0.00      5.46     0.00  2079290     0.00     0.00  std::vector<unsigned long long, std::allocator<unsigned long long> >::operator=(std::vector<unsigned long long, std::allocator<unsigned long long> > const&)
  0.00      5.46     0.00     4913     0.00     0.00  std::__cxx11::basic_string<char, std::char_traits<char>, std::allocator<char> > __gnu_cxx::__to_xstring<std::__cxx11::basic_string<char, std::char_traits<char>, std::allocator<char> >, char>(int (*)(char*, unsigned long, char const*, __va_list_tag*), unsigned long, char const*, ...) [clone .constprop.0]
  0.00      5.46     0.00        6     0.00     0.00  std::_Rb_tree<char, std::pair<char const, int>, std::_Select1st<std::pair<char const, int> >, std::less<char>, std::allocator<std::pair<char const, int> > >::_M_erase(std::_Rb_tree_node<std::pair<char const, int> >*)
  0.00      5.46     0.00        4     0.00     0.00  std::map<char, int, std::less<char>, std::allocator<std::pair<char const, int> > >::~map()

 %         the percentage of the total running time of the
time       program used by this function.

cumulative a running sum of the number of seconds accounted
 seconds   for by this function and those listed above it.

 self      the number of seconds accounted for by this
seconds    function alone.  This is the major sort for this
           listing.

calls      the number of times this function was invoked, if
           this function is profiled, else blank.

 self      the average number of milliseconds spent in this
ms/call    function per call, if this function is profiled,
	   else blank.

 total     the average number of milliseconds spent in this
ms/call    function and its descendents per call, if this
	   function is profiled, else blank.

name       the name of the function.  This is the minor sort
           for this listing. The index shows the location of
	   the function in the gprof listing. If the index is
	   in parenthesis it shows where it would appear in
	   the gprof listing if it were to be printed.

Copyright (C) 2012-2020 Free Software Foundation, Inc.

Copying and distribution of this file, with or without modification,
are permitted in any medium without royalty provided the copyright
notice and this notice are preserved.

		     Call graph (explanation follows)


granularity: each sample hit covers 2 byte(s) for 0.18% of 5.46 seconds

index % time    self  children    called     name
                             2079287             engine::Board::perft(int) [1]
[1]     96.7    0.02    5.26       0+2079287 engine::Board::perft(int) [1]
                0.16    4.57 5783787/5783787     engine::Position::isValidMove(engine::Move const&, char, char) [2]
                0.06    0.36 2079287/2079287     engine::Board::move(engine::Move const&) [10]
                0.03    0.03  834093/33748438     engine::Position::possibleMoves(char, unsigned long long) const [5]
                0.02    0.00 2079287/4158575     engine::Position::operator=(engine::Position) [16]
                0.02    0.00 2079287/8317158     engine::Position::Position(engine::Position const&) [14]
                0.01    0.00 1686523/126934636     void std::vector<engine::Move, std::allocator<engine::Move> >::_M_realloc_insert<engine::Move const&>(__gnu_cxx::__normal_iterator<engine::Move*, std::vector<engine::Move, std::allocator<engine::Move> > >, engine::Move const&) [6]
                0.00    0.00  724147/97991724     void std::vector<unsigned long long, std::allocator<unsigned long long> >::_M_realloc_insert<unsigned long long const&>(__gnu_cxx::__normal_iterator<unsigned long long*, std::vector<unsigned long long, std::allocator<unsigned long long> > >, unsigned long long const&) [9]
                             2079287             engine::Board::perft(int) [1]
-----------------------------------------------
                             1636516             engine::Position::isValidMove(engine::Move const&, char, char) [2]
                0.16    4.57 5783787/5783787     engine::Board::perft(int) [1]
[2]     86.6    0.16    4.57 5783787+1636516 engine::Position::isValidMove(engine::Move const&, char, char) [2]
                0.50    3.03 2164321/2164321     engine::Position::blackInCheck() [3]
                0.29    0.30 7420303/33748438     engine::Position::possibleMoves(char, unsigned long long) const [5]
                0.28    0.03 2226490/4305778     engine::Position::move(engine::Move) [8]
                0.02    0.10   62169/62169       engine::Position::whiteInCheck() [13]
                0.01    0.00    4913/4913        engine::bitToSquare[abi:cxx11](unsigned long long) [18]
                0.01    0.00 4605299/323675266     engine::Move::Move(unsigned long long, unsigned long long, char, char) [7]
                0.01    0.00 3101243/196358662     engine::Position::isMoveBlocked(engine::Move const&) const [11]
                0.00    0.00 2226490/2226490     engine::Position::unmove() [36]
                             1636516             engine::Position::isValidMove(engine::Move const&, char, char) [2]
-----------------------------------------------
                0.50    3.03 2164321/2164321     engine::Position::isValidMove(engine::Move const&, char, char) [2]
[3]     64.6    0.50    3.03 2164321         engine::Position::blackInCheck() [3]
                0.33    2.59 24671760/25494042     engine::Position::checkingSquares(char, unsigned long long) const [4]
                0.11    0.00 22771264/97991724     void std::vector<unsigned long long, std::allocator<unsigned long long> >::_M_realloc_insert<unsigned long long const&>(__gnu_cxx::__normal_iterator<unsigned long long*, std::vector<unsigned long long, std::allocator<unsigned long long> > >, unsigned long long const&) [9]
-----------------------------------------------
                0.01    0.09  822282/25494042     engine::Position::whiteInCheck() [13]
                0.33    2.59 24671760/25494042     engine::Position::blackInCheck() [3]
[4]     55.2    0.34    2.68 25494042         engine::Position::checkingSquares(char, unsigned long long) const [4]
                0.99    1.02 25494042/33748438     engine::Position::possibleMoves(char, unsigned long long) const [5]
                0.35    0.00 73791857/97991724     void std::vector<unsigned long long, std::allocator<unsigned long long> >::_M_realloc_insert<unsigned long long const&>(__gnu_cxx::__normal_iterator<unsigned long long*, std::vector<unsigned long long, std::allocator<unsigned long long> > >, unsigned long long const&) [9]
                0.32    0.00 193257419/196358662     engine::Position::isMoveBlocked(engine::Move const&) const [11]
-----------------------------------------------
                             10033656             engine::Position::possibleMoves(char, unsigned long long) const [5]
                0.03    0.03  834093/33748438     engine::Board::perft(int) [1]
                0.29    0.30 7420303/33748438     engine::Position::isValidMove(engine::Move const&, char, char) [2]
                0.99    1.02 25494042/33748438     engine::Position::checkingSquares(char, unsigned long long) const [4]
[5]     48.8    1.31    1.36 33748438+10033656 engine::Position::possibleMoves(char, unsigned long long) const [5]
                0.76    0.00 125248113/126934636     void std::vector<engine::Move, std::allocator<engine::Move> >::_M_realloc_insert<engine::Move const&>(__gnu_cxx::__normal_iterator<engine::Move*, std::vector<engine::Move, std::allocator<engine::Move> > >, engine::Move const&) [6]
                0.60    0.00 319069967/323675266     engine::Move::Move(unsigned long long, unsigned long long, char, char) [7]
                             10033656             engine::Position::possibleMoves(char, unsigned long long) const [5]
-----------------------------------------------
                0.01    0.00 1686523/126934636     engine::Board::perft(int) [1]
                0.76    0.00 125248113/126934636     engine::Position::possibleMoves(char, unsigned long long) const [5]
[6]     14.0    0.77    0.00 126934636         void std::vector<engine::Move, std::allocator<engine::Move> >::_M_realloc_insert<engine::Move const&>(__gnu_cxx::__normal_iterator<engine::Move*, std::vector<engine::Move, std::allocator<engine::Move> > >, engine::Move const&) [6]
-----------------------------------------------
                0.01    0.00 4605299/323675266     engine::Position::isValidMove(engine::Move const&, char, char) [2]
                0.60    0.00 319069967/323675266     engine::Position::possibleMoves(char, unsigned long long) const [5]
[7]     11.2    0.61    0.00 323675266         engine::Move::Move(unsigned long long, unsigned long long, char, char) [7]
-----------------------------------------------
                0.27    0.02 2079288/4305778     engine::Board::move(engine::Move const&) [10]
                0.28    0.03 2226490/4305778     engine::Position::isValidMove(engine::Move const&, char, char) [2]
[8]     11.0    0.55    0.05 4305778         engine::Position::move(engine::Move) [8]
                0.05    0.00 4305778/4305780     engine::Position::updateBoards() [15]
-----------------------------------------------
                0.00    0.00  704456/97991724     engine::Position::whiteInCheck() [13]
                0.00    0.00  724147/97991724     engine::Board::perft(int) [1]
                0.11    0.00 22771264/97991724     engine::Position::blackInCheck() [3]
                0.35    0.00 73791857/97991724     engine::Position::checkingSquares(char, unsigned long long) const [4]
[9]      8.4    0.46    0.00 97991724         void std::vector<unsigned long long, std::allocator<unsigned long long> >::_M_realloc_insert<unsigned long long const&>(__gnu_cxx::__normal_iterator<unsigned long long*, std::vector<unsigned long long, std::allocator<unsigned long long> > >, unsigned long long const&) [9]
-----------------------------------------------
                0.06    0.36 2079287/2079287     engine::Board::perft(int) [1]
[10]     7.6    0.06    0.36 2079287         engine::Board::move(engine::Move const&) [10]
                0.27    0.02 2079288/4305778     engine::Position::move(engine::Move) [8]
                0.05    0.00 6237871/8317158     engine::Position::Position(engine::Position const&) [14]
                0.02    0.00 2079288/4158575     engine::Position::operator=(engine::Position) [16]
                0.00    0.00 2079288/2079290     std::vector<unsigned long long, std::allocator<unsigned long long> >::operator=(std::vector<unsigned long long, std::allocator<unsigned long long> > const&) [37]
-----------------------------------------------
                0.01    0.00 3101243/196358662     engine::Position::isValidMove(engine::Move const&, char, char) [2]
                0.32    0.00 193257419/196358662     engine::Position::checkingSquares(char, unsigned long long) const [4]
[11]     5.9    0.32    0.00 196358662         engine::Position::isMoveBlocked(engine::Move const&) const [11]
-----------------------------------------------
                                                 <spontaneous>
[12]     2.7    0.15    0.00                 std::random_device::~random_device() [12]
-----------------------------------------------
                0.02    0.10   62169/62169       engine::Position::isValidMove(engine::Move const&, char, char) [2]
[13]     2.2    0.02    0.10   62169         engine::Position::whiteInCheck() [13]
                0.01    0.09  822282/25494042     engine::Position::checkingSquares(char, unsigned long long) const [4]
                0.00    0.00  704456/97991724     void std::vector<unsigned long long, std::allocator<unsigned long long> >::_M_realloc_insert<unsigned long long const&>(__gnu_cxx::__normal_iterator<unsigned long long*, std::vector<unsigned long long, std::allocator<unsigned long long> > >, unsigned long long const&) [9]
-----------------------------------------------
                0.02    0.00 2079287/8317158     engine::Board::perft(int) [1]
                0.05    0.00 6237871/8317158     engine::Board::move(engine::Move const&) [10]
[14]     1.1    0.06    0.00 8317158         engine::Position::Position(engine::Position const&) [14]
-----------------------------------------------
                0.00    0.00       2/4305780     engine::Position::Position(std::__cxx11::basic_string<char, std::char_traits<char>, std::allocator<char> > const&) [22]
                0.05    0.00 4305778/4305780     engine::Position::move(engine::Move) [8]
[15]     0.9    0.05    0.00 4305780         engine::Position::updateBoards() [15]
-----------------------------------------------
                0.02    0.00 2079287/4158575     engine::Board::perft(int) [1]
                0.02    0.00 2079288/4158575     engine::Board::move(engine::Move const&) [10]
[16]     0.8    0.05    0.00 4158575         engine::Position::operator=(engine::Position) [16]
-----------------------------------------------
                                                 <spontaneous>
[17]     0.4    0.02    0.00                 std::unordered_map<engine::Position, engine::TTInfo, engine::ZHash, std::equal_to<engine::Position>, std::allocator<std::pair<engine::Position const, engine::TTInfo> > >::~unordered_map() [17]
-----------------------------------------------
                0.01    0.00    4913/4913        engine::Position::isValidMove(engine::Move const&, char, char) [2]
[18]     0.2    0.01    0.00    4913         engine::bitToSquare[abi:cxx11](unsigned long long) [18]
                0.00    0.00    4913/4913        std::__cxx11::basic_string<char, std::char_traits<char>, std::allocator<char> > __gnu_cxx::__to_xstring<std::__cxx11::basic_string<char, std::char_traits<char>, std::allocator<char> >, char>(int (*)(char*, unsigned long, char const*, __va_list_tag*), unsigned long, char const*, ...) [clone .constprop.0] [38]
-----------------------------------------------
                0.01    0.00       2/2           engine::Position::parseString(std::__cxx11::basic_string<char, std::char_traits<char>, std::allocator<char> >) [20]
[19]     0.1    0.01    0.00       2         engine::squareToBit(std::__cxx11::basic_string<char, std::char_traits<char>, std::allocator<char> > const&) [19]
-----------------------------------------------
                                                 <spontaneous>
[20]     0.1    0.00    0.01                 engine::Position::parseString(std::__cxx11::basic_string<char, std::char_traits<char>, std::allocator<char> >) [20]
                0.01    0.00       2/2           engine::squareToBit(std::__cxx11::basic_string<char, std::char_traits<char>, std::allocator<char> > const&) [19]
-----------------------------------------------
                                                 <spontaneous>
[21]     0.1    0.01    0.00                 std::vector<std::vector<char, std::allocator<char> >, std::allocator<std::vector<char, std::allocator<char> > > >::~vector() [21]
-----------------------------------------------
                                                 <spontaneous>
[22]     0.0    0.00    0.00                 engine::Position::Position(std::__cxx11::basic_string<char, std::char_traits<char>, std::allocator<char> > const&) [22]
                0.00    0.00       2/4305780     engine::Position::updateBoards() [15]
                0.00    0.00       4/4           std::map<char, int, std::less<char>, std::allocator<std::pair<char const, int> > >::~map() [40]
                0.00    0.00       2/2079290     std::vector<unsigned long long, std::allocator<unsigned long long> >::operator=(std::vector<unsigned long long, std::allocator<unsigned long long> > const&) [37]
-----------------------------------------------
                0.00    0.00 2226490/2226490     engine::Position::isValidMove(engine::Move const&, char, char) [2]
[36]     0.0    0.00    0.00 2226490         engine::Position::unmove() [36]
-----------------------------------------------
                0.00    0.00       2/2079290     engine::Position::Position(std::__cxx11::basic_string<char, std::char_traits<char>, std::allocator<char> > const&) [22]
                0.00    0.00 2079288/2079290     engine::Board::move(engine::Move const&) [10]
[37]     0.0    0.00    0.00 2079290         std::vector<unsigned long long, std::allocator<unsigned long long> >::operator=(std::vector<unsigned long long, std::allocator<unsigned long long> > const&) [37]
-----------------------------------------------
                0.00    0.00    4913/4913        engine::bitToSquare[abi:cxx11](unsigned long long) [18]
[38]     0.0    0.00    0.00    4913         std::__cxx11::basic_string<char, std::char_traits<char>, std::allocator<char> > __gnu_cxx::__to_xstring<std::__cxx11::basic_string<char, std::char_traits<char>, std::allocator<char> >, char>(int (*)(char*, unsigned long, char const*, __va_list_tag*), unsigned long, char const*, ...) [clone .constprop.0] [38]
-----------------------------------------------
                                  18             std::_Rb_tree<char, std::pair<char const, int>, std::_Select1st<std::pair<char const, int> >, std::less<char>, std::allocator<std::pair<char const, int> > >::_M_erase(std::_Rb_tree_node<std::pair<char const, int> >*) [39]
                0.00    0.00       6/6           std::map<char, int, std::less<char>, std::allocator<std::pair<char const, int> > >::~map() [40]
[39]     0.0    0.00    0.00       6+18      std::_Rb_tree<char, std::pair<char const, int>, std::_Select1st<std::pair<char const, int> >, std::less<char>, std::allocator<std::pair<char const, int> > >::_M_erase(std::_Rb_tree_node<std::pair<char const, int> >*) [39]
                                  18             std::_Rb_tree<char, std::pair<char const, int>, std::_Select1st<std::pair<char const, int> >, std::less<char>, std::allocator<std::pair<char const, int> > >::_M_erase(std::_Rb_tree_node<std::pair<char const, int> >*) [39]
-----------------------------------------------
                0.00    0.00       4/4           engine::Position::Position(std::__cxx11::basic_string<char, std::char_traits<char>, std::allocator<char> > const&) [22]
[40]     0.0    0.00    0.00       4         std::map<char, int, std::less<char>, std::allocator<std::pair<char const, int> > >::~map() [40]
                0.00    0.00       6/6           std::_Rb_tree<char, std::pair<char const, int>, std::_Select1st<std::pair<char const, int> >, std::less<char>, std::allocator<std::pair<char const, int> > >::_M_erase(std::_Rb_tree_node<std::pair<char const, int> >*) [39]
-----------------------------------------------

 This table describes the call tree of the program, and was sorted by
 the total amount of time spent in each function and its children.

 Each entry in this table consists of several lines.  The line with the
 index number at the left hand margin lists the current function.
 The lines above it list the functions that called this function,
 and the lines below it list the functions this one called.
 This line lists:
     index	A unique number given to each element of the table.
		Index numbers are sorted numerically.
		The index number is printed next to every function name so
		it is easier to look up where the function is in the table.

     % time	This is the percentage of the `total' time that was spent
		in this function and its children.  Note that due to
		different viewpoints, functions excluded by options, etc,
		these numbers will NOT add up to 100%.

     self	This is the total amount of time spent in this function.

     children	This is the total amount of time propagated into this
		function by its children.

     called	This is the number of times the function was called.
		If the function called itself recursively, the number
		only includes non-recursive calls, and is followed by
		a `+' and the number of recursive calls.

     name	The name of the current function.  The index number is
		printed after it.  If the function is a member of a
		cycle, the cycle number is printed between the
		function's name and the index number.


 For the function's parents, the fields have the following meanings:

     self	This is the amount of time that was propagated directly
		from the function into this parent.

     children	This is the amount of time that was propagated from
		the function's children into this parent.

     called	This is the number of times this parent called the
		function `/' the total number of times the function
		was called.  Recursive calls to the function are not
		included in the number after the `/'.

     name	This is the name of the parent.  The parent's index
		number is printed after it.  If the parent is a
		member of a cycle, the cycle number is printed between
		the name and the index number.

 If the parents of the function cannot be determined, the word
 `<spontaneous>' is printed in the `name' field, and all the other
 fields are blank.

 For the function's children, the fields have the following meanings:

     self	This is the amount of time that was propagated directly
		from the child into the function.

     children	This is the amount of time that was propagated from the
		child's children to the function.

     called	This is the number of times the function called
		this child `/' the total number of times the child
		was called.  Recursive calls by the child are not
		listed in the number after the `/'.

     name	This is the name of the child.  The child's index
		number is printed after it.  If the child is a
		member of a cycle, the cycle number is printed
		between the name and the index number.

 If there are any cycles (circles) in the call graph, there is an
 entry for the cycle-as-a-whole.  This entry shows who called the
 cycle (as parents) and the members of the cycle (as children.)
 The `+' recursive calls entry shows the number of function calls that
 were internal to the cycle, and the calls entry for each member shows,
 for that member, how many times it was called from other members of
 the cycle.

Copyright (C) 2012-2020 Free Software Foundation, Inc.

Copying and distribution of this file, with or without modification,
are permitted in any medium without royalty provided the copyright
notice and this notice are preserved.

Index by function name

  [18] engine::bitToSquare[abi:cxx11](unsigned long long) (square.cc) [8] engine::Position::move(engine::Move) (position.cc) [17] std::unordered_map<engine::Position, engine::TTInfo, engine::ZHash, std::equal_to<engine::Position>, std::allocator<std::pair<engine::Position const, engine::TTInfo> > >::~unordered_map() (unordered_map.h)
  [19] engine::squareToBit(std::__cxx11::basic_string<char, std::char_traits<char>, std::allocator<char> > const&) (square.cc) [36] engine::Position::unmove() (position.cc) [40] std::map<char, int, std::less<char>, std::allocator<std::pair<char const, int> > >::~map() (stl_map.h)
   [7] engine::Move::Move(unsigned long long, unsigned long long, char, char) (move.cc) [14] engine::Position::Position(engine::Position const&) (position.cc) [6] void std::vector<engine::Move, std::allocator<engine::Move> >::_M_realloc_insert<engine::Move const&>(__gnu_cxx::__normal_iterator<engine::Move*, std::vector<engine::Move, std::allocator<engine::Move> > >, engine::Move const&) (vector.tcc)
  [10] engine::Board::move(engine::Move const&) (board.cc) [16] engine::Position::operator=(engine::Position) (position.cc) [21] std::vector<std::vector<char, std::allocator<char> >, std::allocator<std::vector<char, std::allocator<char> > > >::~vector() (stl_vector.h)
   [1] engine::Board::perft(int) (board.cc) [38] std::__cxx11::basic_string<char, std::char_traits<char>, std::allocator<char> > __gnu_cxx::__to_xstring<std::__cxx11::basic_string<char, std::char_traits<char>, std::allocator<char> >, char>(int (*)(char*, unsigned long, char const*, __va_list_tag*), unsigned long, char const*, ...) [clone .constprop.0] (string_conversions.h) [9] void std::vector<unsigned long long, std::allocator<unsigned long long> >::_M_realloc_insert<unsigned long long const&>(__gnu_cxx::__normal_iterator<unsigned long long*, std::vector<unsigned long long, std::allocator<unsigned long long> > >, unsigned long long const&) (vector.tcc)
   [2] engine::Position::isValidMove(engine::Move const&, char, char) (position.cc) [11] engine::Position::isMoveBlocked(engine::Move const&) const (position.cc) [37] std::vector<unsigned long long, std::allocator<unsigned long long> >::operator=(std::vector<unsigned long long, std::allocator<unsigned long long> > const&) (vector.tcc)
   [3] engine::Position::blackInCheck() (position.cc) [5] engine::Position::possibleMoves(char, unsigned long long) const (position.cc) [39] std::_Rb_tree<char, std::pair<char const, int>, std::_Select1st<std::pair<char const, int> >, std::less<char>, std::allocator<std::pair<char const, int> > >::_M_erase(std::_Rb_tree_node<std::pair<char const, int> >*) (stl_tree.h)
  [15] engine::Position::updateBoards() (position.cc) [4] engine::Position::checkingSquares(char, unsigned long long) const (position.cc)
  [13] engine::Position::whiteInCheck() (position.cc) [12] std::random_device::~random_device() (random.h)
