Flat profile:

Each sample counts as 0.01 seconds.
  %   cumulative   self              self     total           
 time   seconds   seconds    calls  us/call  us/call  name    
 27.43     11.27    11.27 245246233     0.05     0.09  engine::Position::possibleMoves(char, unsigned long long) const
 12.92     16.58     5.31 850367928     0.01     0.01  void std::vector<engine::Move, std::allocator<engine::Move> >::_M_realloc_insert<engine::Move const&>(__gnu_cxx::__normal_iterator<engine::Move*, std::vector<engine::Move, std::allocator<engine::Move> > >, engine::Move const&)
 11.26     21.20     4.63 2224791005     0.00     0.00  engine::Move::Move(unsigned long long, unsigned long long, char, char)
  9.34     25.04     3.84 12756960     0.30     1.81  engine::Position::blackInCheck()
  8.85     28.68     3.64 797773944     0.00     0.00  void std::vector<unsigned long long, std::allocator<unsigned long long> >::_M_realloc_insert<unsigned long long const&>(__gnu_cxx::__normal_iterator<unsigned long long*, std::vector<unsigned long long, std::allocator<unsigned long long> > >, unsigned long long const&)
  7.67     31.83     3.15 1405768603     0.00     0.00  engine::Position::isMoveBlocked(engine::Move const&) const
  6.87     34.65     2.82 19948928     0.14     0.14  engine::Position::move(engine::Move)
  5.15     36.76     2.12 188842296     0.01     0.13  engine::Position::checkingSquares(char, unsigned long long) const
  2.57     37.82     1.06 40604080     0.03     0.92  engine::Position::isValidMove(engine::Move const&, char, char)
  2.52     38.86     1.04  3057044     0.34     2.10  engine::Position::whiteInCheck()
  2.31     39.81     0.95  3805727     0.25     0.37  engine::Position::materialCount() const
  1.16     40.28     0.48                             std::__detail::_Map_base<engine::Position, std::pair<engine::Position const, engine::TTInfo>, std::allocator<std::pair<engine::Position const, engine::TTInfo> >, std::__detail::_Select1st, std::equal_to<engine::Position>, engine::ZHash, std::__detail::_Mod_range_hashing, std::__detail::_Default_ranged_hash, std::__detail::_Prime_rehash_policy, std::__detail::_Hashtable_traits<true, false, true>, true>::at(engine::Position const&) [clone .constprop.0]
  0.66     40.55     0.27   330620     0.82   115.69  engine::Position::legalMoves()
  0.41     40.72     0.17                             std::unordered_map<engine::Position, engine::TTInfo, engine::ZHash, std::equal_to<engine::Position>, std::allocator<std::pair<engine::Position const, engine::TTInfo> > >::~unordered_map()
  0.22     40.81     0.09                             engine::Board::alphabetaMin(int, int, int)
  0.19     40.89     0.08 11417187     0.01     0.01  std::_Rb_tree<char, std::pair<char const, int>, std::_Select1st<std::pair<char const, int> >, std::less<char>, std::allocator<std::pair<char const, int> > >::_M_erase(std::_Rb_tree_node<std::pair<char const, int> >*)
  0.16     40.96     0.07 19950394     0.00     0.00  engine::Position::updateBoards()
  0.12     41.01     0.05                             engine::Board::move(engine::Move const&)
  0.12     41.06     0.05 15814004     0.00     0.00  engine::Position::unmove()
  0.04     41.07     0.02                             std::__cxx11::basic_string<char, std::char_traits<char>, std::allocator<char> >::basic_string<std::allocator<char> >(char const*, std::allocator<char> const&) [clone .constprop.0]
  0.02     41.08     0.01   263273     0.04     0.04  std::vector<unsigned long long, std::allocator<unsigned long long> >::operator=(std::vector<unsigned long long, std::allocator<unsigned long long> > const&)
  0.02     41.09     0.01                             std::vector<engine::Position, std::allocator<engine::Position> >::~vector()
  0.00     41.09     0.00      124     0.00     0.00  engine::Position::Position(engine::Position const&)
  0.00     41.09     0.00       41     0.00     0.00  engine::Position::operator=(engine::Position)
  0.00     41.09     0.00        5     0.00     0.00  std::__cxx11::basic_string<char, std::char_traits<char>, std::allocator<char> > __gnu_cxx::__to_xstring<std::__cxx11::basic_string<char, std::char_traits<char>, std::allocator<char> >, char>(int (*)(char*, unsigned long, char const*, __va_list_tag*), unsigned long, char const*, ...) [clone .constprop.0]
  0.00     41.09     0.00        4     0.00     0.01  std::map<char, int, std::less<char>, std::allocator<std::pair<char const, int> > >::~map()
  0.00     41.09     0.00        3     0.00     0.00  engine::bitToSquare[abi:cxx11](unsigned long long)
  0.00     41.09     0.00        2     0.00     0.00  engine::squareToBit(std::__cxx11::basic_string<char, std::char_traits<char>, std::allocator<char> > const&)
  0.00     41.09     0.00        2     0.00     0.00  engine::ZHash::operator()(engine::Position const&) const [clone .constprop.0]
  0.00     41.09     0.00        2     0.00     0.00  engine::Position::operator==(engine::Position const&) const
  0.00     41.09     0.00        2     0.00     0.00  std::_Hashtable<engine::Position, std::pair<engine::Position const, engine::TTInfo>, std::allocator<std::pair<engine::Position const, engine::TTInfo> >, std::__detail::_Select1st, std::equal_to<engine::Position>, engine::ZHash, std::__detail::_Mod_range_hashing, std::__detail::_Default_ranged_hash, std::__detail::_Prime_rehash_policy, std::__detail::_Hashtable_traits<true, false, true> >::_M_find_before_node(unsigned long, engine::Position const&, unsigned long) const [clone .constprop.0]

 %         the percentage of the total running time of the
time       program used by this function.

cumulative a running sum of the number of seconds accounted
 seconds   for by this function and those listed above it.

 self      the number of seconds accounted for by this
seconds    function alone.  This is the major sort for this
           listing.

calls      the number of times this function was invoked, if
           this function is profiled, else blank.

 self      the average number of milliseconds spent in this
ms/call    function per call, if this function is profiled,
	   else blank.

 total     the average number of milliseconds spent in this
ms/call    function and its descendents per call, if this
	   function is profiled, else blank.

name       the name of the function.  This is the minor sort
           for this listing. The index shows the location of
	   the function in the gprof listing. If the index is
	   in parenthesis it shows where it would appear in
	   the gprof listing if it were to be printed.

Copyright (C) 2012-2020 Free Software Foundation, Inc.

Copying and distribution of this file, with or without modification,
are permitted in any medium without royalty provided the copyright
notice and this notice are preserved.

		     Call graph (explanation follows)


granularity: each sample hit covers 2 byte(s) for 0.02% of 41.09 seconds

index % time    self  children    called     name
                             3871653             engine::Board::alphabetaMin(int, int, int) [1]
[1]     98.2    0.09   40.28       0+3871653 engine::Board::alphabetaMin(int, int, int) [1]
                0.27   37.98  330620/330620      engine::Position::legalMoves() [2]
                0.95    0.47 3805727/3805727     engine::Position::materialCount() const [13]
                0.58    0.01 4134883/19948928     engine::Position::move(engine::Move) [12]
                0.01    0.00  263230/263273      std::vector<unsigned long long, std::allocator<unsigned long long> >::operator=(std::vector<unsigned long long, std::allocator<unsigned long long> > const&) [21]
                             3871653             engine::Board::alphabetaMin(int, int, int) [1]
-----------------------------------------------
                0.27   37.98  330620/330620      engine::Board::alphabetaMin(int, int, int) [1]
[2]     93.1    0.27   37.98  330620         engine::Position::legalMoves() [2]
                1.06   36.25 40604080/40604080     engine::Position::isValidMove(engine::Move const&, char, char) [3]
                0.29    0.26 6415598/245246233     engine::Position::possibleMoves(char, unsigned long long) const [6]
                0.10    0.00 15259170/850367928     void std::vector<engine::Move, std::allocator<engine::Move> >::_M_realloc_insert<engine::Move const&>(__gnu_cxx::__normal_iterator<engine::Move*, std::vector<engine::Move, std::allocator<engine::Move> > >, engine::Move const&) [8]
                0.02    0.00 5430371/797773944     void std::vector<unsigned long long, std::allocator<unsigned long long> >::_M_realloc_insert<unsigned long long const&>(__gnu_cxx::__normal_iterator<unsigned long long*, std::vector<unsigned long long, std::allocator<unsigned long long> > >, unsigned long long const&) [10]
-----------------------------------------------
                             9384259             engine::Position::isValidMove(engine::Move const&, char, char) [3]
                1.06   36.25 40604080/40604080     engine::Position::legalMoves() [2]
[3]     90.8    1.06   36.25 40604080+9384259 engine::Position::isValidMove(engine::Move const&, char, char) [3]
                3.84   19.27 12756960/12756960     engine::Position::blackInCheck() [5]
                1.04    5.37 3057044/3057044     engine::Position::whiteInCheck() [7]
                2.30    1.99 49988339/245246233     engine::Position::possibleMoves(char, unsigned long long) const [6]
                2.24    0.05 15814004/19948928     engine::Position::move(engine::Move) [12]
                0.07    0.00 32695609/2224791005     engine::Move::Move(unsigned long long, unsigned long long, char, char) [9]
                0.05    0.00 15814004/15814004     engine::Position::unmove() [19]
                0.05    0.00 21108790/1405768603     engine::Position::isMoveBlocked(engine::Move const&) const [11]
                0.00    0.00       3/3           engine::bitToSquare[abi:cxx11](unsigned long long) [41]
                             9384259             engine::Position::isValidMove(engine::Move const&, char, char) [3]
-----------------------------------------------
                0.46    4.75 41259348/188842296     engine::Position::whiteInCheck() [7]
                1.65   16.99 147582948/188842296     engine::Position::blackInCheck() [5]
[4]     58.1    2.12   21.74 188842296         engine::Position::checkingSquares(char, unsigned long long) const [4]
                8.68    7.52 188842296/245246233     engine::Position::possibleMoves(char, unsigned long long) const [6]
                3.10    0.00 1384659813/1405768603     engine::Position::isMoveBlocked(engine::Move const&) const [11]
                2.44    0.00 535036439/797773944     void std::vector<unsigned long long, std::allocator<unsigned long long> >::_M_realloc_insert<unsigned long long const&>(__gnu_cxx::__normal_iterator<unsigned long long*, std::vector<unsigned long long, std::allocator<unsigned long long> > >, unsigned long long const&) [10]
-----------------------------------------------
                3.84   19.27 12756960/12756960     engine::Position::isValidMove(engine::Move const&, char, char) [3]
[5]     56.2    3.84   19.27 12756960         engine::Position::blackInCheck() [5]
                1.65   16.99 147582948/188842296     engine::Position::checkingSquares(char, unsigned long long) const [4]
                0.62    0.00 136251110/797773944     void std::vector<unsigned long long, std::allocator<unsigned long long> >::_M_realloc_insert<unsigned long long const&>(__gnu_cxx::__normal_iterator<unsigned long long*, std::vector<unsigned long long, std::allocator<unsigned long long> > >, unsigned long long const&) [10]
-----------------------------------------------
                             64092410             engine::Position::possibleMoves(char, unsigned long long) const [6]
                0.29    0.26 6415598/245246233     engine::Position::legalMoves() [2]
                2.30    1.99 49988339/245246233     engine::Position::isValidMove(engine::Move const&, char, char) [3]
                8.68    7.52 188842296/245246233     engine::Position::checkingSquares(char, unsigned long long) const [4]
[6]     51.2   11.27    9.77 245246233+64092410 engine::Position::possibleMoves(char, unsigned long long) const [6]
                5.21    0.00 835108758/850367928     void std::vector<engine::Move, std::allocator<engine::Move> >::_M_realloc_insert<engine::Move const&>(__gnu_cxx::__normal_iterator<engine::Move*, std::vector<engine::Move, std::allocator<engine::Move> > >, engine::Move const&) [8]
                4.56    0.00 2192095396/2224791005     engine::Move::Move(unsigned long long, unsigned long long, char, char) [9]
                             64092410             engine::Position::possibleMoves(char, unsigned long long) const [6]
-----------------------------------------------
                1.04    5.37 3057044/3057044     engine::Position::isValidMove(engine::Move const&, char, char) [3]
[7]     15.6    1.04    5.37 3057044         engine::Position::whiteInCheck() [7]
                0.46    4.75 41259348/188842296     engine::Position::checkingSquares(char, unsigned long long) const [4]
                0.16    0.00 35231255/797773944     void std::vector<unsigned long long, std::allocator<unsigned long long> >::_M_realloc_insert<unsigned long long const&>(__gnu_cxx::__normal_iterator<unsigned long long*, std::vector<unsigned long long, std::allocator<unsigned long long> > >, unsigned long long const&) [10]
-----------------------------------------------
                0.10    0.00 15259170/850367928     engine::Position::legalMoves() [2]
                5.21    0.00 835108758/850367928     engine::Position::possibleMoves(char, unsigned long long) const [6]
[8]     12.9    5.31    0.00 850367928         void std::vector<engine::Move, std::allocator<engine::Move> >::_M_realloc_insert<engine::Move const&>(__gnu_cxx::__normal_iterator<engine::Move*, std::vector<engine::Move, std::allocator<engine::Move> > >, engine::Move const&) [8]
-----------------------------------------------
                0.07    0.00 32695609/2224791005     engine::Position::isValidMove(engine::Move const&, char, char) [3]
                4.56    0.00 2192095396/2224791005     engine::Position::possibleMoves(char, unsigned long long) const [6]
[9]     11.3    4.63    0.00 2224791005         engine::Move::Move(unsigned long long, unsigned long long, char, char) [9]
-----------------------------------------------
                0.02    0.00 5430371/797773944     engine::Position::legalMoves() [2]
                0.16    0.00 35231255/797773944     engine::Position::whiteInCheck() [7]
                0.39    0.00 85824769/797773944     engine::Position::materialCount() const [13]
                0.62    0.00 136251110/797773944     engine::Position::blackInCheck() [5]
                2.44    0.00 535036439/797773944     engine::Position::checkingSquares(char, unsigned long long) const [4]
[10]     8.8    3.64    0.00 797773944         void std::vector<unsigned long long, std::allocator<unsigned long long> >::_M_realloc_insert<unsigned long long const&>(__gnu_cxx::__normal_iterator<unsigned long long*, std::vector<unsigned long long, std::allocator<unsigned long long> > >, unsigned long long const&) [10]
-----------------------------------------------
                0.05    0.00 21108790/1405768603     engine::Position::isValidMove(engine::Move const&, char, char) [3]
                3.10    0.00 1384659813/1405768603     engine::Position::checkingSquares(char, unsigned long long) const [4]
[11]     7.7    3.15    0.00 1405768603         engine::Position::isMoveBlocked(engine::Move const&) const [11]
-----------------------------------------------
                0.00    0.00      41/19948928     engine::Board::move(engine::Move const&) [18]
                0.58    0.01 4134883/19948928     engine::Board::alphabetaMin(int, int, int) [1]
                2.24    0.05 15814004/19948928     engine::Position::isValidMove(engine::Move const&, char, char) [3]
[12]     7.0    2.82    0.07 19948928         engine::Position::move(engine::Move) [12]
                0.07    0.00 19950392/19950394     engine::Position::updateBoards() [17]
-----------------------------------------------
                0.95    0.47 3805727/3805727     engine::Board::alphabetaMin(int, int, int) [1]
[13]     3.5    0.95    0.47 3805727         engine::Position::materialCount() const [13]
                0.39    0.00 85824769/797773944     void std::vector<unsigned long long, std::allocator<unsigned long long> >::_M_realloc_insert<unsigned long long const&>(__gnu_cxx::__normal_iterator<unsigned long long*, std::vector<unsigned long long, std::allocator<unsigned long long> > >, unsigned long long const&) [10]
                0.08    0.00 11417181/11417187     std::_Rb_tree<char, std::pair<char const, int>, std::_Select1st<std::pair<char const, int> >, std::less<char>, std::allocator<std::pair<char const, int> > >::_M_erase(std::_Rb_tree_node<std::pair<char const, int> >*) [16]
-----------------------------------------------
                                                 <spontaneous>
[14]     1.2    0.48    0.00                 std::__detail::_Map_base<engine::Position, std::pair<engine::Position const, engine::TTInfo>, std::allocator<std::pair<engine::Position const, engine::TTInfo> >, std::__detail::_Select1st, std::equal_to<engine::Position>, engine::ZHash, std::__detail::_Mod_range_hashing, std::__detail::_Default_ranged_hash, std::__detail::_Prime_rehash_policy, std::__detail::_Hashtable_traits<true, false, true>, true>::at(engine::Position const&) [clone .constprop.0] [14]
                0.00    0.00       2/2           engine::ZHash::operator()(engine::Position const&) const [clone .constprop.0] [43]
                0.00    0.00       2/2           std::_Hashtable<engine::Position, std::pair<engine::Position const, engine::TTInfo>, std::allocator<std::pair<engine::Position const, engine::TTInfo> >, std::__detail::_Select1st, std::equal_to<engine::Position>, engine::ZHash, std::__detail::_Mod_range_hashing, std::__detail::_Default_ranged_hash, std::__detail::_Prime_rehash_policy, std::__detail::_Hashtable_traits<true, false, true> >::_M_find_before_node(unsigned long, engine::Position const&, unsigned long) const [clone .constprop.0] [45]
-----------------------------------------------
                                                 <spontaneous>
[15]     0.4    0.17    0.00                 std::unordered_map<engine::Position, engine::TTInfo, engine::ZHash, std::equal_to<engine::Position>, std::allocator<std::pair<engine::Position const, engine::TTInfo> > >::~unordered_map() [15]
-----------------------------------------------
                             26640107             std::_Rb_tree<char, std::pair<char const, int>, std::_Select1st<std::pair<char const, int> >, std::less<char>, std::allocator<std::pair<char const, int> > >::_M_erase(std::_Rb_tree_node<std::pair<char const, int> >*) [16]
                0.00    0.00       6/11417187     std::map<char, int, std::less<char>, std::allocator<std::pair<char const, int> > >::~map() [24]
                0.08    0.00 11417181/11417187     engine::Position::materialCount() const [13]
[16]     0.2    0.08    0.00 11417187+26640107 std::_Rb_tree<char, std::pair<char const, int>, std::_Select1st<std::pair<char const, int> >, std::less<char>, std::allocator<std::pair<char const, int> > >::_M_erase(std::_Rb_tree_node<std::pair<char const, int> >*) [16]
                             26640107             std::_Rb_tree<char, std::pair<char const, int>, std::_Select1st<std::pair<char const, int> >, std::less<char>, std::allocator<std::pair<char const, int> > >::_M_erase(std::_Rb_tree_node<std::pair<char const, int> >*) [16]
-----------------------------------------------
                0.00    0.00       2/19950394     engine::Position::Position(std::__cxx11::basic_string<char, std::char_traits<char>, std::allocator<char> > const&) [23]
                0.07    0.00 19950392/19950394     engine::Position::move(engine::Move) [12]
[17]     0.2    0.07    0.00 19950394         engine::Position::updateBoards() [17]
-----------------------------------------------
                                                 <spontaneous>
[18]     0.1    0.05    0.00                 engine::Board::move(engine::Move const&) [18]
                0.00    0.00      41/19948928     engine::Position::move(engine::Move) [12]
                0.00    0.00      41/263273      std::vector<unsigned long long, std::allocator<unsigned long long> >::operator=(std::vector<unsigned long long, std::allocator<unsigned long long> > const&) [21]
                0.00    0.00     124/124         engine::Position::Position(engine::Position const&) [38]
                0.00    0.00      41/41          engine::Position::operator=(engine::Position) [39]
-----------------------------------------------
                0.05    0.00 15814004/15814004     engine::Position::isValidMove(engine::Move const&, char, char) [3]
[19]     0.1    0.05    0.00 15814004         engine::Position::unmove() [19]
-----------------------------------------------
                                                 <spontaneous>
[20]     0.0    0.02    0.00                 std::__cxx11::basic_string<char, std::char_traits<char>, std::allocator<char> >::basic_string<std::allocator<char> >(char const*, std::allocator<char> const&) [clone .constprop.0] [20]
-----------------------------------------------
                0.00    0.00       2/263273      engine::Position::Position(std::__cxx11::basic_string<char, std::char_traits<char>, std::allocator<char> > const&) [23]
                0.00    0.00      41/263273      engine::Board::move(engine::Move const&) [18]
                0.01    0.00  263230/263273      engine::Board::alphabetaMin(int, int, int) [1]
[21]     0.0    0.01    0.00  263273         std::vector<unsigned long long, std::allocator<unsigned long long> >::operator=(std::vector<unsigned long long, std::allocator<unsigned long long> > const&) [21]
-----------------------------------------------
                                                 <spontaneous>
[22]     0.0    0.01    0.00                 std::vector<engine::Position, std::allocator<engine::Position> >::~vector() [22]
-----------------------------------------------
                                                 <spontaneous>
[23]     0.0    0.00    0.00                 engine::Position::Position(std::__cxx11::basic_string<char, std::char_traits<char>, std::allocator<char> > const&) [23]
                0.00    0.00       2/263273      std::vector<unsigned long long, std::allocator<unsigned long long> >::operator=(std::vector<unsigned long long, std::allocator<unsigned long long> > const&) [21]
                0.00    0.00       4/4           std::map<char, int, std::less<char>, std::allocator<std::pair<char const, int> > >::~map() [24]
                0.00    0.00       2/19950394     engine::Position::updateBoards() [17]
-----------------------------------------------
                0.00    0.00       4/4           engine::Position::Position(std::__cxx11::basic_string<char, std::char_traits<char>, std::allocator<char> > const&) [23]
[24]     0.0    0.00    0.00       4         std::map<char, int, std::less<char>, std::allocator<std::pair<char const, int> > >::~map() [24]
                0.00    0.00       6/11417187     std::_Rb_tree<char, std::pair<char const, int>, std::_Select1st<std::pair<char const, int> >, std::less<char>, std::allocator<std::pair<char const, int> > >::_M_erase(std::_Rb_tree_node<std::pair<char const, int> >*) [16]
-----------------------------------------------
                0.00    0.00     124/124         engine::Board::move(engine::Move const&) [18]
[38]     0.0    0.00    0.00     124         engine::Position::Position(engine::Position const&) [38]
-----------------------------------------------
                0.00    0.00      41/41          engine::Board::move(engine::Move const&) [18]
[39]     0.0    0.00    0.00      41         engine::Position::operator=(engine::Position) [39]
-----------------------------------------------
                0.00    0.00       5/5           engine::bitToSquare[abi:cxx11](unsigned long long) [41]
[40]     0.0    0.00    0.00       5         std::__cxx11::basic_string<char, std::char_traits<char>, std::allocator<char> > __gnu_cxx::__to_xstring<std::__cxx11::basic_string<char, std::char_traits<char>, std::allocator<char> >, char>(int (*)(char*, unsigned long, char const*, __va_list_tag*), unsigned long, char const*, ...) [clone .constprop.0] [40]
-----------------------------------------------
                0.00    0.00       3/3           engine::Position::isValidMove(engine::Move const&, char, char) [3]
[41]     0.0    0.00    0.00       3         engine::bitToSquare[abi:cxx11](unsigned long long) [41]
                0.00    0.00       5/5           std::__cxx11::basic_string<char, std::char_traits<char>, std::allocator<char> > __gnu_cxx::__to_xstring<std::__cxx11::basic_string<char, std::char_traits<char>, std::allocator<char> >, char>(int (*)(char*, unsigned long, char const*, __va_list_tag*), unsigned long, char const*, ...) [clone .constprop.0] [40]
-----------------------------------------------
                0.00    0.00       2/2           engine::Position::parseString(std::__cxx11::basic_string<char, std::char_traits<char>, std::allocator<char> >) [46]
[42]     0.0    0.00    0.00       2         engine::squareToBit(std::__cxx11::basic_string<char, std::char_traits<char>, std::allocator<char> > const&) [42]
-----------------------------------------------
                0.00    0.00       2/2           std::__detail::_Map_base<engine::Position, std::pair<engine::Position const, engine::TTInfo>, std::allocator<std::pair<engine::Position const, engine::TTInfo> >, std::__detail::_Select1st, std::equal_to<engine::Position>, engine::ZHash, std::__detail::_Mod_range_hashing, std::__detail::_Default_ranged_hash, std::__detail::_Prime_rehash_policy, std::__detail::_Hashtable_traits<true, false, true>, true>::at(engine::Position const&) [clone .constprop.0] [14]
[43]     0.0    0.00    0.00       2         engine::ZHash::operator()(engine::Position const&) const [clone .constprop.0] [43]
-----------------------------------------------
                0.00    0.00       2/2           std::_Hashtable<engine::Position, std::pair<engine::Position const, engine::TTInfo>, std::allocator<std::pair<engine::Position const, engine::TTInfo> >, std::__detail::_Select1st, std::equal_to<engine::Position>, engine::ZHash, std::__detail::_Mod_range_hashing, std::__detail::_Default_ranged_hash, std::__detail::_Prime_rehash_policy, std::__detail::_Hashtable_traits<true, false, true> >::_M_find_before_node(unsigned long, engine::Position const&, unsigned long) const [clone .constprop.0] [45]
[44]     0.0    0.00    0.00       2         engine::Position::operator==(engine::Position const&) const [44]
-----------------------------------------------
                0.00    0.00       2/2           std::__detail::_Map_base<engine::Position, std::pair<engine::Position const, engine::TTInfo>, std::allocator<std::pair<engine::Position const, engine::TTInfo> >, std::__detail::_Select1st, std::equal_to<engine::Position>, engine::ZHash, std::__detail::_Mod_range_hashing, std::__detail::_Default_ranged_hash, std::__detail::_Prime_rehash_policy, std::__detail::_Hashtable_traits<true, false, true>, true>::at(engine::Position const&) [clone .constprop.0] [14]
[45]     0.0    0.00    0.00       2         std::_Hashtable<engine::Position, std::pair<engine::Position const, engine::TTInfo>, std::allocator<std::pair<engine::Position const, engine::TTInfo> >, std::__detail::_Select1st, std::equal_to<engine::Position>, engine::ZHash, std::__detail::_Mod_range_hashing, std::__detail::_Default_ranged_hash, std::__detail::_Prime_rehash_policy, std::__detail::_Hashtable_traits<true, false, true> >::_M_find_before_node(unsigned long, engine::Position const&, unsigned long) const [clone .constprop.0] [45]
                0.00    0.00       2/2           engine::Position::operator==(engine::Position const&) const [44]
-----------------------------------------------

 This table describes the call tree of the program, and was sorted by
 the total amount of time spent in each function and its children.

 Each entry in this table consists of several lines.  The line with the
 index number at the left hand margin lists the current function.
 The lines above it list the functions that called this function,
 and the lines below it list the functions this one called.
 This line lists:
     index	A unique number given to each element of the table.
		Index numbers are sorted numerically.
		The index number is printed next to every function name so
		it is easier to look up where the function is in the table.

     % time	This is the percentage of the `total' time that was spent
		in this function and its children.  Note that due to
		different viewpoints, functions excluded by options, etc,
		these numbers will NOT add up to 100%.

     self	This is the total amount of time spent in this function.

     children	This is the total amount of time propagated into this
		function by its children.

     called	This is the number of times the function was called.
		If the function called itself recursively, the number
		only includes non-recursive calls, and is followed by
		a `+' and the number of recursive calls.

     name	The name of the current function.  The index number is
		printed after it.  If the function is a member of a
		cycle, the cycle number is printed between the
		function's name and the index number.


 For the function's parents, the fields have the following meanings:

     self	This is the amount of time that was propagated directly
		from the function into this parent.

     children	This is the amount of time that was propagated from
		the function's children into this parent.

     called	This is the number of times this parent called the
		function `/' the total number of times the function
		was called.  Recursive calls to the function are not
		included in the number after the `/'.

     name	This is the name of the parent.  The parent's index
		number is printed after it.  If the parent is a
		member of a cycle, the cycle number is printed between
		the name and the index number.

 If the parents of the function cannot be determined, the word
 `<spontaneous>' is printed in the `name' field, and all the other
 fields are blank.

 For the function's children, the fields have the following meanings:

     self	This is the amount of time that was propagated directly
		from the child into the function.

     children	This is the amount of time that was propagated from the
		child's children to the function.

     called	This is the number of times the function called
		this child `/' the total number of times the child
		was called.  Recursive calls by the child are not
		listed in the number after the `/'.

     name	This is the name of the child.  The child's index
		number is printed after it.  If the child is a
		member of a cycle, the cycle number is printed
		between the name and the index number.

 If there are any cycles (circles) in the call graph, there is an
 entry for the cycle-as-a-whole.  This entry shows who called the
 cycle (as parents) and the members of the cycle (as children.)
 The `+' recursive calls entry shows the number of function calls that
 were internal to the cycle, and the calls entry for each member shows,
 for that member, how many times it was called from other members of
 the cycle.

Copyright (C) 2012-2020 Free Software Foundation, Inc.

Copying and distribution of this file, with or without modification,
are permitted in any medium without royalty provided the copyright
notice and this notice are preserved.

Index by function name

  [41] engine::bitToSquare[abi:cxx11](unsigned long long) (square.cc) [19] engine::Position::unmove() (position.cc) [15] std::unordered_map<engine::Position, engine::TTInfo, engine::ZHash, std::equal_to<engine::Position>, std::allocator<std::pair<engine::Position const, engine::TTInfo> > >::~unordered_map() (unordered_map.h)
  [42] engine::squareToBit(std::__cxx11::basic_string<char, std::char_traits<char>, std::allocator<char> > const&) (square.cc) [38] engine::Position::Position(engine::Position const&) (position.cc) [24] std::map<char, int, std::less<char>, std::allocator<std::pair<char const, int> > >::~map() (stl_map.h)
   [9] engine::Move::Move(unsigned long long, unsigned long long, char, char) (move.cc) [39] engine::Position::operator=(engine::Position) (position.cc) [8] void std::vector<engine::Move, std::allocator<engine::Move> >::_M_realloc_insert<engine::Move const&>(__gnu_cxx::__normal_iterator<engine::Move*, std::vector<engine::Move, std::allocator<engine::Move> > >, engine::Move const&) (vector.tcc)
   [1] engine::Board::alphabetaMin(int, int, int) (board.cc) [40] std::__cxx11::basic_string<char, std::char_traits<char>, std::allocator<char> > __gnu_cxx::__to_xstring<std::__cxx11::basic_string<char, std::char_traits<char>, std::allocator<char> >, char>(int (*)(char*, unsigned long, char const*, __va_list_tag*), unsigned long, char const*, ...) [clone .constprop.0] (string_conversions.h) [22] std::vector<engine::Position, std::allocator<engine::Position> >::~vector() (stl_vector.h)
  [18] engine::Board::move(engine::Move const&) (board.cc) [43] engine::ZHash::operator()(engine::Position const&) const [clone .constprop.0] (table.cc) [10] void std::vector<unsigned long long, std::allocator<unsigned long long> >::_M_realloc_insert<unsigned long long const&>(__gnu_cxx::__normal_iterator<unsigned long long*, std::vector<unsigned long long, std::allocator<unsigned long long> > >, unsigned long long const&) (vector.tcc)
   [2] engine::Position::legalMoves() (position.cc) [11] engine::Position::isMoveBlocked(engine::Move const&) const (position.cc) [21] std::vector<unsigned long long, std::allocator<unsigned long long> >::operator=(std::vector<unsigned long long, std::allocator<unsigned long long> > const&) (vector.tcc)
   [3] engine::Position::isValidMove(engine::Move const&, char, char) (position.cc) [13] engine::Position::materialCount() const (position.cc) [20] std::__cxx11::basic_string<char, std::char_traits<char>, std::allocator<char> >::basic_string<std::allocator<char> >(char const*, std::allocator<char> const&) [clone .constprop.0] (basic_string.h)
   [5] engine::Position::blackInCheck() (position.cc) [6] engine::Position::possibleMoves(char, unsigned long long) const (position.cc) [16] std::_Rb_tree<char, std::pair<char const, int>, std::_Select1st<std::pair<char const, int> >, std::less<char>, std::allocator<std::pair<char const, int> > >::_M_erase(std::_Rb_tree_node<std::pair<char const, int> >*) (stl_tree.h)
  [17] engine::Position::updateBoards() (position.cc) [4] engine::Position::checkingSquares(char, unsigned long long) const (position.cc) [14] std::__detail::_Map_base<engine::Position, std::pair<engine::Position const, engine::TTInfo>, std::allocator<std::pair<engine::Position const, engine::TTInfo> >, std::__detail::_Select1st, std::equal_to<engine::Position>, engine::ZHash, std::__detail::_Mod_range_hashing, std::__detail::_Default_ranged_hash, std::__detail::_Prime_rehash_policy, std::__detail::_Hashtable_traits<true, false, true>, true>::at(engine::Position const&) [clone .constprop.0] (hashtable_policy.h)
   [7] engine::Position::whiteInCheck() (position.cc) [44] engine::Position::operator==(engine::Position const&) const (position.cc)
  [12] engine::Position::move(engine::Move) (position.cc) [45] std::_Hashtable<engine::Position, std::pair<engine::Position const, engine::TTInfo>, std::allocator<std::pair<engine::Position const, engine::TTInfo> >, std::__detail::_Select1st, std::equal_to<engine::Position>, engine::ZHash, std::__detail::_Mod_range_hashing, std::__detail::_Default_ranged_hash, std::__detail::_Prime_rehash_policy, std::__detail::_Hashtable_traits<true, false, true> >::_M_find_before_node(unsigned long, engine::Position const&, unsigned long) const [clone .constprop.0] (hashtable.h)
